<?xml version="1.0" encoding="UTF-8" ?>
<testsuite tests="4" failures="0" name="com.eldermoraes.ch01.bv.test.UserTest" time="0.669" errors="0" skipped="0">
  <properties>
[...]
</properties>
  <testcase classname="com.eldermoraes.ch01.bv.test.UserTest" name="invalidId" time="0.12"/>
  <testcase classname="com.eldermoraes.ch01.bv.test.UserTest" name="validUser" time="0"/>
  <testcase classname="com.eldermoraes.ch01.bv.test.UserTest" name="invalidName" time="0"/>
  <testcase classname="com.eldermoraes.ch01.bv.test.UserTest" name="invalidEmail" time="0"/>
</testsuite>